Arguments: 
  C:\Program Files\nodejs\node.exe C:\Users\facuc\AppData\Roaming\npm\node_modules\yarn\bin\yarn.js add @inquirer/prompts clipboadry jose log-symbols

PATH: 
  C:\Users\facuc\bin;C:\Program Files\Git\usr\local\bin;C:\Program Files\Git\usr\bin;C:\Program Files\Git\usr\bin;C:\Program Files\Git\opt\bin;C:\Program Files (x86)\Common Files\Oracle\Java\javapath;C:\Program Files\Eclipse Adoptium\jdk-17.0.7.7-hotspot\bin;C:\Python311\Scripts;C:\Python311;C:\Python310\Scripts;C:\Python310;C:\Windows\system32;C:\Windows;C:\Windows\System32\Wbem;C:\Windows\System32\WindowsPowerShell\v1.0;C:\Windows\System32\OpenSSH;C:\ProgramData\chocolatey\bin;C:\Program Files\Microsoft SQL Server\130\Tools\Binn;C:\Program Files\Microsoft SQL Server\Client SDK\ODBC\170\Tools\Binn;C:\Program Files\NVIDIA Corporation\NVIDIA NvDLISR;C:\Program Files\PuTTY;C:\Program Files\OpenJDK\openjdk-8u302-b08\bin;C:\Program Files (x86)\NVIDIA Corporation\PhysX\Common;C:\Program Files\dotnet;C:\Program Files\Docker\Docker\resources\bin;C:\ProgramData\DockerDesktop\version-bin;C:\Program Files\WireGuard;C:\Program Files\Git\cmd;C:\Program Files\nodejs;C:\Users\facuc\AppData\Local\pnpm;C:\Users\facuc\scoop\shims;C:\Users\facuc\AppData\Roaming\edgedb\bin;C:\Users\facuc\AppData\Local\Microsoft\WindowsApps;C:\Users\facuc\AppData\Local\Programs\Microsoft VS Code\bin;C:\Program Files\MongoDB\Tools\bin;C:\xampp\php;C:\Program Files\Java\jre1.8.0_301\bin;C:\Users\facuc\AppData\Local\Android\Sdk\platform-tools;C:\xampp;C:\Users\facuc\AppData\Roaming\Composer\vendor\bin;C:\Users\facuc\.dotnet\tools;C:\Users\facuc\AppData\Roaming\nvm;C:\Users\facuc\.dotnet\tools;C:\ProgramData\chocolatey\lib\deno;C:\Users\facuc\AppData\Roaming\npm;C:\Program Files\Git\usr\bin\vendor_perl;C:\Program Files\Git\usr\bin\core_perl

Yarn version: 
  1.22.18

Node version: 
  18.16.0

Platform: 
  win32 x64

Trace: 
  Error: https://registry.yarnpkg.com/clipboadry: Not found
      at params.callback [as _callback] (C:\Users\facuc\AppData\Roaming\npm\node_modules\yarn\lib\cli.js:66138:18)
      at self.callback (C:\Users\facuc\AppData\Roaming\npm\node_modules\yarn\lib\cli.js:140883:22)
      at Request.emit (node:events:513:28)
      at Request.<anonymous> (C:\Users\facuc\AppData\Roaming\npm\node_modules\yarn\lib\cli.js:141855:10)
      at Request.emit (node:events:513:28)
      at IncomingMessage.<anonymous> (C:\Users\facuc\AppData\Roaming\npm\node_modules\yarn\lib\cli.js:141777:12)
      at Object.onceWrapper (node:events:627:28)
      at IncomingMessage.emit (node:events:525:35)
      at endReadableNT (node:internal/streams/readable:1359:12)
      at process.processTicksAndRejections (node:internal/process/task_queues:82:21)

npm manifest: 
  {
    "name": "jwtier",
    "version": "1.0.0",
    "description": "",
    "main": "index.js",
    "scripts": {
      "test": "echo \"Error: no test specified\" && exit 1"
    },
    "keywords": [],
    "author": "",
    "license": "ISC"
  }

yarn manifest: 
  No manifest

Lockfile: 
  No lockfile
